2025-11-15 10:53:56,893 - INFO - ============================================================
2025-11-15 10:53:56,894 - INFO - ЗАПУСК ПАЙПЛАЙНА ПОДГОТОВКИ ДАННЫХ
2025-11-15 10:53:56,894 - INFO - ============================================================
2025-11-15 10:53:56,894 - INFO - 
============================================================
2025-11-15 10:53:56,894 - INFO - ЭТАП 1: ОЧИСТКА КАЖДОГО ДАТАСЕТА ОТДЕЛЬНО
2025-11-15 10:53:56,894 - INFO - ============================================================
2025-11-15 10:53:56,895 - INFO - 
1. ОЧИСТКА application_metadata.csv
2025-11-15 10:53:57,133 - INFO -   Загружено: 89999 строк, 14 колонок
2025-11-15 10:53:57,150 - INFO -   - Удалена колонка random_noise_1
2025-11-15 10:53:57,811 - INFO -   ✓ Сохранено: 89999 строк, 13 колонок
2025-11-15 10:53:57,816 - INFO - 
2. ОЧИСТКА demographics.csv
2025-11-15 10:53:57,967 - INFO -   Загружено: 89999 строк, 8 колонок
2025-11-15 10:53:58,223 - INFO -   - Очищено 0 значений в колонке annual_income
2025-11-15 10:53:58,389 - INFO -   - Нормализовано employment_type: 16 → 9 уникальных значений
2025-11-15 10:53:58,547 - INFO -   - Нормализовано marital_status: 3 → 3 уникальных значений
2025-11-15 10:53:58,724 - INFO -   - Нормализовано education: 5 → 5 уникальных значений
2025-11-15 10:53:59,321 - INFO -   ✓ Сохранено: 89999 строк, 8 колонок
2025-11-15 10:53:59,328 - INFO - 
3. ОЧИСТКА financial_ratios.jsonl
2025-11-15 10:54:01,788 - INFO -   Загружено: 89999 строк, 16 колонок
2025-11-15 10:54:02,072 - INFO -   - Очищено 0 значений в колонке monthly_income
2025-11-15 10:54:02,291 - INFO -   - Очищено 0 значений в колонке existing_monthly_debt
2025-11-15 10:54:02,524 - INFO -   - Очищено 0 значений в колонке monthly_payment
2025-11-15 10:54:02,812 - INFO -   - Очищено 0 значений в колонке revolving_balance
2025-11-15 10:54:03,061 - INFO -   - Очищено 0 значений в колонке available_credit
2025-11-15 10:54:03,361 - INFO -   - Очищено 0 значений в колонке total_debt_amount
2025-11-15 10:54:03,363 - INFO -   - Проверка корректности финансовых коэффициентов...
2025-11-15 10:54:03,366 - WARNING -     Найдено 89024 некорректных debt_to_income_ratio
2025-11-15 10:54:06,455 - INFO -   ✓ Сохранено: 89999 строк, 16 колонок
2025-11-15 10:54:06,558 - INFO - 
4. ОЧИСТКА credit_history.parquet
2025-11-15 10:54:06,715 - INFO -   Загружено: 89999 строк, 12 колонок
2025-11-15 10:54:06,759 - INFO -   - Пропущенные значения: {'num_delinquencies_2yrs': 832}
2025-11-15 10:54:08,017 - INFO -   ✓ Сохранено: 89999 строк, 12 колонок
2025-11-15 10:54:08,018 - INFO - 
5. ОЧИСТКА loan_details.xlsx
2025-11-15 10:54:33,334 - INFO -   Загружено: 89999 строк, 10 колонок
2025-11-15 10:54:33,579 - INFO -   - Очищено 0 значений в колонке loan_amount
2025-11-15 10:54:34,357 - INFO -   ✓ Сохранено: 89999 строк, 10 колонок
2025-11-15 10:54:34,359 - INFO - 
6. ОЧИСТКА geographic_data.xml
2025-11-15 10:54:36,374 - INFO -   Загружено: 89999 строк, 8 колонок
2025-11-15 10:54:36,998 - INFO -   - Нормализовано state: 20 → 20 уникальных значений
2025-11-15 10:54:37,798 - INFO -   ✓ Сохранено: 89999 строк, 8 колонок
2025-11-15 10:54:37,917 - INFO - 
============================================================
2025-11-15 10:54:37,917 - INFO - ЭТАП 2: ОБЪЕДИНЕНИЕ ОЧИЩЕННЫХ ДАТАСЕТОВ
2025-11-15 10:54:37,918 - INFO - ============================================================
2025-11-15 10:54:39,363 - INFO - 
Размеры очищенных датасетов:
2025-11-15 10:54:39,363 - INFO -   - application_metadata: (89999, 13)
2025-11-15 10:54:39,364 - INFO -   - demographics: (89999, 8)
2025-11-15 10:54:39,364 - INFO -   - financial_ratios: (89999, 16)
2025-11-15 10:54:39,364 - INFO -   - credit_history: (89999, 12)
2025-11-15 10:54:39,364 - INFO -   - loan_details: (89999, 10)
2025-11-15 10:54:39,364 - INFO -   - geographic_data: (89999, 8)
2025-11-15 10:54:39,371 - INFO - 
Базовый датасет: (89999, 13)
2025-11-15 10:54:39,405 - INFO - После demographics: (89999, 20)
2025-11-15 10:54:39,504 - INFO - После financial_ratios: (89999, 35)
2025-11-15 10:54:39,609 - INFO - После credit_history: (89999, 46)
2025-11-15 10:54:39,752 - INFO - После loan_details: (89999, 55)
2025-11-15 10:54:39,968 - INFO - После geographic_data: (89999, 62)
2025-11-15 10:54:39,968 - INFO - 
✓ ФИНАЛЬНЫЙ ДАТАСЕТ: 89999 строк, 62 колонок
2025-11-15 10:54:40,097 - WARNING - 
Пропущенные значения после объединения:
2025-11-15 10:54:40,097 - WARNING -   - employment_length: 2253 (2.5%)
2025-11-15 10:54:40,097 - WARNING -   - revolving_balance: 1377 (1.5%)
2025-11-15 10:54:40,097 - WARNING -   - num_delinquencies_2yrs: 832 (0.9%)
2025-11-15 10:54:40,105 - INFO - 
Сохранение финального датасета...
2025-11-15 10:54:47,475 - INFO - ✓ Сохранено в final_dataset_clean.csv и final_dataset_clean.parquet
